build/app/intermediates/manifest_merge_blame_file/debug/manifest-merger-blame-debug-report.txt
1<?xml version="1.0" encoding="utf-8"?>
2<manifest xmlns:android="http://schemas.android.com/apk/res/android"
3    package="com.hitbee.dev.ble_create_flutter"
4    android:versionCode="1"
5    android:versionName="1.0.0" >
6
7    <uses-sdk
8        android:minSdkVersion="21"
9        android:targetSdkVersion="30" />
10    <!--
11         Flutter needs it to communicate with the running application
12         to allow setting breakpoints, to provide hot reload, etc.
13    -->
14    <uses-permission android:name="android.permission.INTERNET" />
14-->src/debug/AndroidManifest.xml:6:5-66
14-->src/debug/AndroidManifest.xml:6:22-64
15    <uses-permission
15-->[org.altbeacon:android-beacon-library:2.16.4] AndroidManifest.xml:11:5-13:36
16        android:name="android.permission.BLUETOOTH"
16-->[org.altbeacon:android-beacon-library:2.16.4] AndroidManifest.xml:12:9-52
17        android:required="false" />
17-->[org.altbeacon:android-beacon-library:2.16.4] AndroidManifest.xml:13:9-33
18    <uses-permission
18-->[org.altbeacon:android-beacon-library:2.16.4] AndroidManifest.xml:14:5-16:36
19        android:name="android.permission.BLUETOOTH_ADMIN"
19-->[org.altbeacon:android-beacon-library:2.16.4] AndroidManifest.xml:15:9-58
20        android:required="false" />
20-->[org.altbeacon:android-beacon-library:2.16.4] AndroidManifest.xml:16:9-33
21    <uses-permission android:name="android.permission.RECEIVE_BOOT_COMPLETED" />
21-->[org.altbeacon:android-beacon-library:2.16.4] AndroidManifest.xml:17:5-81
21-->[org.altbeacon:android-beacon-library:2.16.4] AndroidManifest.xml:17:22-78
22    <uses-permission android:name="android.permission.ACCESS_COARSE_LOCATION" />
22-->[org.altbeacon:android-beacon-library:2.16.4] AndroidManifest.xml:18:5-81
22-->[org.altbeacon:android-beacon-library:2.16.4] AndroidManifest.xml:18:22-78
23
24    <application
24-->src/main/AndroidManifest.xml:3:4-40:19
25        android:appComponentFactory="androidx.core.app.CoreComponentFactory"
25-->[androidx.core:core:1.1.0] AndroidManifest.xml:24:18-86
26        android:debuggable="true"
27        android:icon="@mipmap/ble_generator"
27-->src/main/AndroidManifest.xml:5:9-45
28        android:label="BleGenerator" >
28-->src/main/AndroidManifest.xml:4:9-37
29        <activity
29-->src/main/AndroidManifest.xml:6:9-34:20
30            android:name="com.hitbee.dev.ble_create_flutter.MainActivity"
30-->src/main/AndroidManifest.xml:7:13-41
31            android:configChanges="orientation|keyboardHidden|keyboard|screenSize|smallestScreenSize|locale|layoutDirection|fontScale|screenLayout|density|uiMode"
31-->src/main/AndroidManifest.xml:10:13-163
32            android:hardwareAccelerated="true"
32-->src/main/AndroidManifest.xml:11:13-47
33            android:launchMode="singleTop"
33-->src/main/AndroidManifest.xml:8:13-43
34            android:theme="@style/LaunchTheme"
34-->src/main/AndroidManifest.xml:9:13-47
35            android:windowSoftInputMode="adjustResize" >
35-->src/main/AndroidManifest.xml:12:13-55
36
37            <!--
38                 Specifies an Android theme to apply to this Activity as soon as
39                 the Android process has started. This theme is visible to the user
40                 while the Flutter UI initializes. After that, this theme continues
41                 to determine the Window background behind the Flutter UI.
42            -->
43            <meta-data
43-->src/main/AndroidManifest.xml:17:13-20:17
44                android:name="io.flutter.embedding.android.NormalTheme"
44-->src/main/AndroidManifest.xml:18:15-70
45                android:resource="@style/NormalTheme" />
45-->src/main/AndroidManifest.xml:19:15-52
46            <!--
47                 Displays an Android View that continues showing the launch screen
48                 Drawable until Flutter paints its first frame, then this splash
49                 screen fades out. A splash screen is useful to avoid any visual
50                 gap between the end of Android's launch screen and the painting of
51                 Flutter's first frame.
52            -->
53            <meta-data
53-->src/main/AndroidManifest.xml:26:13-29:17
54                android:name="io.flutter.embedding.android.SplashScreenDrawable"
54-->src/main/AndroidManifest.xml:27:15-79
55                android:resource="@drawable/launch_background" />
55-->src/main/AndroidManifest.xml:28:15-61
56
57            <intent-filter>
57-->src/main/AndroidManifest.xml:30:13-33:29
58                <action android:name="android.intent.action.MAIN" />
58-->src/main/AndroidManifest.xml:31:17-68
58-->src/main/AndroidManifest.xml:31:25-66
59
60                <category android:name="android.intent.category.LAUNCHER" />
60-->src/main/AndroidManifest.xml:32:17-76
60-->src/main/AndroidManifest.xml:32:27-74
61            </intent-filter>
62        </activity>
63        <!--
64             Don't delete the meta-data below.
65             This is used by the Flutter tool to generate GeneratedPluginRegistrant.java
66        -->
67        <meta-data
67-->src/main/AndroidManifest.xml:37:9-39:33
68            android:name="flutterEmbedding"
68-->src/main/AndroidManifest.xml:38:13-44
69            android:value="2" />
69-->src/main/AndroidManifest.xml:39:13-30
70
71        <receiver android:name="org.altbeacon.beacon.startup.StartupBroadcastReceiver" >
71-->[org.altbeacon:android-beacon-library:2.16.4] AndroidManifest.xml:21:9-27:20
71-->[org.altbeacon:android-beacon-library:2.16.4] AndroidManifest.xml:21:19-87
72            <intent-filter>
72-->[org.altbeacon:android-beacon-library:2.16.4] AndroidManifest.xml:22:13-26:29
73                <action android:name="android.intent.action.BOOT_COMPLETED" />
73-->[org.altbeacon:android-beacon-library:2.16.4] AndroidManifest.xml:23:17-79
73-->[org.altbeacon:android-beacon-library:2.16.4] AndroidManifest.xml:23:25-76
74                <action android:name="android.intent.action.ACTION_POWER_CONNECTED" />
74-->[org.altbeacon:android-beacon-library:2.16.4] AndroidManifest.xml:24:17-87
74-->[org.altbeacon:android-beacon-library:2.16.4] AndroidManifest.xml:24:25-84
75                <action android:name="android.intent.action.ACTION_POWER_DISCONNECTED" />
75-->[org.altbeacon:android-beacon-library:2.16.4] AndroidManifest.xml:25:17-90
75-->[org.altbeacon:android-beacon-library:2.16.4] AndroidManifest.xml:25:25-87
76            </intent-filter>
77        </receiver>
78
79        <service
79-->[org.altbeacon:android-beacon-library:2.16.4] AndroidManifest.xml:29:9-34:38
80            android:name="org.altbeacon.beacon.service.BeaconService"
80-->[org.altbeacon:android-beacon-library:2.16.4] AndroidManifest.xml:30:13-70
81            android:enabled="true"
81-->[org.altbeacon:android-beacon-library:2.16.4] AndroidManifest.xml:31:13-35
82            android:exported="false"
82-->[org.altbeacon:android-beacon-library:2.16.4] AndroidManifest.xml:32:13-37
83            android:isolatedProcess="false"
83-->[org.altbeacon:android-beacon-library:2.16.4] AndroidManifest.xml:33:13-44
84            android:label="beacon" />
84-->[org.altbeacon:android-beacon-library:2.16.4] AndroidManifest.xml:34:13-35
85        <service
85-->[org.altbeacon:android-beacon-library:2.16.4] AndroidManifest.xml:35:9-38:40
86            android:name="org.altbeacon.beacon.BeaconIntentProcessor"
86-->[org.altbeacon:android-beacon-library:2.16.4] AndroidManifest.xml:36:13-70
87            android:enabled="true"
87-->[org.altbeacon:android-beacon-library:2.16.4] AndroidManifest.xml:37:13-35
88            android:exported="false" />
88-->[org.altbeacon:android-beacon-library:2.16.4] AndroidManifest.xml:38:13-37
89        <service
89-->[org.altbeacon:android-beacon-library:2.16.4] AndroidManifest.xml:39:9-48:19
90            android:name="org.altbeacon.beacon.service.ScanJob"
90-->[org.altbeacon:android-beacon-library:2.16.4] AndroidManifest.xml:40:13-64
91            android:permission="android.permission.BIND_JOB_SERVICE" >
91-->[org.altbeacon:android-beacon-library:2.16.4] AndroidManifest.xml:41:13-69
92            <meta-data
92-->[org.altbeacon:android-beacon-library:2.16.4] AndroidManifest.xml:42:13-44:45
93                android:name="immediateScanJobId"
93-->[org.altbeacon:android-beacon-library:2.16.4] AndroidManifest.xml:43:17-50
94                android:value="208352939" />
94-->[org.altbeacon:android-beacon-library:2.16.4] AndroidManifest.xml:44:17-42
95            <meta-data
95-->[org.altbeacon:android-beacon-library:2.16.4] AndroidManifest.xml:45:13-47:45
96                android:name="periodicScanJobId"
96-->[org.altbeacon:android-beacon-library:2.16.4] AndroidManifest.xml:46:17-49
97                android:value="208352940" />
97-->[org.altbeacon:android-beacon-library:2.16.4] AndroidManifest.xml:47:17-42
98        </service>
99        <service
99-->[org.altbeacon:android-beacon-library:2.16.4] AndroidManifest.xml:49:9-55:19
100            android:name="org.altbeacon.bluetooth.BluetoothTestJob"
100-->[org.altbeacon:android-beacon-library:2.16.4] AndroidManifest.xml:50:13-68
101            android:permission="android.permission.BIND_JOB_SERVICE" >
101-->[org.altbeacon:android-beacon-library:2.16.4] AndroidManifest.xml:51:13-69
102            <meta-data
102-->[org.altbeacon:android-beacon-library:2.16.4] AndroidManifest.xml:52:13-54:46
103                android:name="jobId"
103-->[org.altbeacon:android-beacon-library:2.16.4] AndroidManifest.xml:53:17-37
104                android:value="1799803768" />
104-->[org.altbeacon:android-beacon-library:2.16.4] AndroidManifest.xml:54:17-43
105        </service>
106    </application>
107
108</manifest>